build/app/outputs/mapping/release/mapping.txt
# compiler: R8
# compiler_version: 1.5.64
# min_api: 21
# pg_map_id: d66b62c
...
com.google.firebase.firestore.local.SQLiteMutationQueue$$Lambda$9 -> com.google.firebase.firestore.q0.i1:
    java.util.List arg$3 -> c
    java.util.Set arg$2 -> b
    com.google.firebase.firestore.local.SQLiteMutationQueue arg$1 -> a
    void accept(java.lang.Object) -> a
    com.google.firebase.firestore.util.Consumer lambdaFactory$(com.google.firebase.firestore.local.SQLiteMutationQueue,java.util.Set,java.util.List) -> a
com.google.firebase.firestore.local.SQLiteMutationQueue$BlobAccumulator -> com.google.firebase.firestore.q0.j1$a:
    boolean more -> b
    java.util.ArrayList chunks -> a
    void accept(android.database.Cursor) -> a
    void accept(java.lang.Object) -> a
    boolean access$000(com.google.firebase.firestore.local.SQLiteMutationQueue$BlobAccumulator) -> a
    void addChunk(byte[]) -> a
    int numChunks() -> a
    com.google.protobuf.ByteString result() -> b
com.google.firebase.firestore.local.SQLitePersistence -> com.google.firebase.firestore.q0.m1:
    com.google.firebase.firestore.local.SQLiteIndexManager indexManager -> f
    com.google.firebase.firestore.local.SQLiteLruReferenceDelegate referenceDelegate -> h
    boolean started -> k
    android.database.sqlite.SQLiteOpenHelper opener -> c
    com.google.firebase.firestore.local.LocalSerializer serializer -> d
    com.google.firebase.firestore.local.SQLiteRemoteDocumentCache remoteDocumentCache -> g
    android.database.sqlite.SQLiteTransactionListener transactionListener -> i
    com.google.firebase.firestore.local.SQLiteQueryCache queryCache -> e
    android.database.sqlite.SQLiteDatabase db -> j
    com.google.firebase.firestore.local.SQLiteLruReferenceDelegate access$000(com.google.firebase.firestore.local.SQLitePersistence) -> a
    void access$100(android.database.sqlite.SQLiteProgram,java.lang.Object[]) -> a
    java.lang.String databaseName(java.lang.String,com.google.firebase.firestore.model.DatabaseId) -> a
    int execute(android.database.sqlite.SQLiteStatement,java.lang.Object[]) -> a
    void execute(java.lang.String,java.lang.Object[]) -> a
    com.google.firebase.firestore.local.IndexManager getIndexManager() -> a
    com.google.firebase.firestore.local.MutationQueue getMutationQueue(com.google.firebase.firestore.auth.User) -> a
    java.lang.Long lambda$getPageCount$1(android.database.Cursor) -> a
com.google.firebase.firestore.local.SQLitePersistence$$Lambda$1 -> com.google.firebase.firestore.q0.k1:
    com.google.firebase.firestore.local.SQLitePersistence$$Lambda$1 instance -> a
    java.lang.Object apply(java.lang.Object) -> a
    com.google.common.base.Function lambdaFactory$() -> a
com.google.firebase.firestore.local.SQLitePersistence$$Lambda$2 -> com.google.firebase.firestore.q0.l1:
    com.google.firebase.firestore.local.SQLitePersistence$$Lambda$2 instance -> a
    java.lang.Object apply(java.lang.Object) -> a
    com.google.common.base.Function lambdaFactory$() -> a
com.google.firebase.firestore.local.SQLitePersistence$1 -> com.google.firebase.firestore.q0.m1$a:
    com.google.firebase.firestore.local.SQLitePersistence this$0 -> a
com.google.firebase.firestore.local.SQLitePersistence$LongQuery -> com.google.firebase.firestore.q0.m1$b:
    java.util.Iterator argsIter -> f
    java.util.List argsHead -> d
    com.google.firebase.firestore.local.SQLitePersistence db -> a
    int subqueriesPerformed -> e
    java.lang.String tail -> c
    java.lang.String head -> b
    int getSubqueriesPerformed() -> a
    boolean hasMoreSubqueries() -> b
    com.google.firebase.firestore.local.SQLitePersistence$Query performNextSubquery() -> c
com.google.firebase.firestore.local.SQLitePersistence$OpenHelper -> com.google.firebase.firestore.q0.m1$c:
    boolean configured -> a
    void ensureConfigured(android.database.sqlite.SQLiteDatabase) -> a